This is pdfTeX, Version 3.14159265-2.6-1.40.16 (TeX Live 2015/Debian) (preloaded format=pdflatex 2017.8.24)  15 FEB 2018 17:14
entering extended mode
 restricted \write18 enabled.
 %&-line parsing enabled.
**"borrador paper.tex"
(./borrador paper.tex
LaTeX2e <2016/02/01>
Babel <3.9q> and hyphenation patterns for 3 language(s) loaded.
(/usr/share/texlive/texmf-dist/tex/latex/base/article.cls
Document Class: article 2014/09/29 v1.4h Standard LaTeX document class
(/usr/share/texlive/texmf-dist/tex/latex/base/size12.clo
File: size12.clo 2014/09/29 v1.4h Standard LaTeX file (size option)
)
\c@part=\count79
\c@section=\count80
\c@subsection=\count81
\c@subsubsection=\count82
\c@paragraph=\count83
\c@subparagraph=\count84
\c@figure=\count85
\c@table=\count86
\abovecaptionskip=\skip41
\belowcaptionskip=\skip42
\bibindent=\dimen102
)
(/usr/share/texlive/texmf-dist/tex/latex/graphics/graphicx.sty
Package: graphicx 2014/10/28 v1.0g Enhanced LaTeX Graphics (DPC,SPQR)

(/usr/share/texlive/texmf-dist/tex/latex/graphics/keyval.sty
Package: keyval 2014/10/28 v1.15 key=value parser (DPC)
\KV@toks@=\toks14
)
(/usr/share/texlive/texmf-dist/tex/latex/graphics/graphics.sty
Package: graphics 2016/01/03 v1.0q Standard LaTeX Graphics (DPC,SPQR)

(/usr/share/texlive/texmf-dist/tex/latex/graphics/trig.sty
Package: trig 2016/01/03 v1.10 sin cos tan (DPC)
)
(/usr/share/texlive/texmf-dist/tex/latex/latexconfig/graphics.cfg
File: graphics.cfg 2010/04/23 v1.9 graphics configuration of TeX Live
)
Package graphics Info: Driver file: pdftex.def on input line 95.

(/usr/share/texlive/texmf-dist/tex/latex/pdftex-def/pdftex.def
File: pdftex.def 2011/05/27 v0.06d Graphics/color for pdfTeX

(/usr/share/texlive/texmf-dist/tex/generic/oberdiek/infwarerr.sty
Package: infwarerr 2010/04/08 v1.3 Providing info/warning/error messages (HO)
)
(/usr/share/texlive/texmf-dist/tex/generic/oberdiek/ltxcmds.sty
Package: ltxcmds 2011/11/09 v1.22 LaTeX kernel commands for general use (HO)
)
\Gread@gobject=\count87
))
\Gin@req@height=\dimen103
\Gin@req@width=\dimen104
)
(/usr/share/texlive/texmf-dist/tex/latex/geometry/geometry.sty
Package: geometry 2010/09/12 v5.6 Page Geometry

(/usr/share/texlive/texmf-dist/tex/generic/oberdiek/ifpdf.sty
Package: ifpdf 2011/01/30 v2.3 Provides the ifpdf switch (HO)
Package ifpdf Info: pdfTeX in PDF mode is detected.
)
(/usr/share/texlive/texmf-dist/tex/generic/oberdiek/ifvtex.sty
Package: ifvtex 2010/03/01 v1.5 Detect VTeX and its facilities (HO)
Package ifvtex Info: VTeX not detected.
)
(/usr/share/texlive/texmf-dist/tex/generic/ifxetex/ifxetex.sty
Package: ifxetex 2010/09/12 v0.6 Provides ifxetex conditional
)
\Gm@cnth=\count88
\Gm@cntv=\count89
\c@Gm@tempcnt=\count90
\Gm@bindingoffset=\dimen105
\Gm@wd@mp=\dimen106
\Gm@odd@mp=\dimen107
\Gm@even@mp=\dimen108
\Gm@layoutwidth=\dimen109
\Gm@layoutheight=\dimen110
\Gm@layouthoffset=\dimen111
\Gm@layoutvoffset=\dimen112
\Gm@dimlist=\toks15
)
(/usr/share/texlive/texmf-dist/tex/latex/tools/multicol.sty
Package: multicol 2015/08/19 v1.8n multicolumn formatting (FMi)
\c@tracingmulticols=\count91
\mult@box=\box26
\multicol@leftmargin=\dimen113
\c@unbalance=\count92
\c@collectmore=\count93
\doublecol@number=\count94
\multicoltolerance=\count95
\multicolpretolerance=\count96
\full@width=\dimen114
\page@free=\dimen115
\premulticols=\dimen116
\postmulticols=\dimen117
\multicolsep=\skip43
\multicolbaselineskip=\skip44
\partial@page=\box27
\last@line=\box28
\maxbalancingoverflow=\dimen118
\mult@rightbox=\box29
\mult@grightbox=\box30
\mult@gfirstbox=\box31
\mult@firstbox=\box32
\@tempa=\box33
\@tempa=\box34
\@tempa=\box35
\@tempa=\box36
\@tempa=\box37
\@tempa=\box38
\@tempa=\box39
\@tempa=\box40
\@tempa=\box41
\@tempa=\box42
\@tempa=\box43
\@tempa=\box44
\@tempa=\box45
\@tempa=\box46
\@tempa=\box47
\@tempa=\box48
\@tempa=\box49
\c@columnbadness=\count97
\c@finalcolumnbadness=\count98
\last@try=\dimen119
\multicolovershoot=\dimen120
\multicolundershoot=\dimen121
\mult@nat@firstbox=\box50
\colbreak@box=\box51
\mc@col@check@num=\count99
)
(/usr/share/texlive/texmf-dist/tex/latex/wrapfig/wrapfig.sty
\wrapoverhang=\dimen122
\WF@size=\dimen123
\c@WF@wrappedlines=\count100
\WF@box=\box52
\WF@everypar=\toks16
Package: wrapfig 2003/01/31  v 3.6
)
(/usr/share/texlive/texmf-dist/tex/latex/sidecap/sidecap.sty
Package: sidecap 2003/06/06 v1.6f SideCap Package (RN/HjG)

(/usr/share/texlive/texmf-dist/tex/latex/base/ifthen.sty
Package: ifthen 2014/09/29 v1.1c Standard LaTeX ifthen package (DPC)
)
\SC@BOXWD=\dimen124
\SC@CAPWD=\dimen125
\SC@tempdima=\dimen126
\SC@tempdimb=\dimen127
\c@SC@C=\count101
\SC@BOX=\box53
)
(/usr/share/texlive/texmf-dist/tex/latex/todonotes/todonotes.sty
Package: todonotes 2015/07/09 .dtx Todonotes source and documentation.
Package: todonotes 2012/07/25

(/usr/share/texlive/texmf-dist/tex/latex/xkeyval/xkeyval.sty
Package: xkeyval 2014/12/03 v2.7a package option processing (HA)

(/usr/share/texlive/texmf-dist/tex/generic/xkeyval/xkeyval.tex
(/usr/share/texlive/texmf-dist/tex/generic/xkeyval/xkvutils.tex
\XKV@toks=\toks17
\XKV@tempa@toks=\toks18
)
\XKV@depth=\count102
File: xkeyval.tex 2014/12/03 v2.7a key=value parser (HA)
))
(/usr/share/texlive/texmf-dist/tex/latex/xcolor/xcolor.sty
Package: xcolor 2007/01/21 v2.11 LaTeX color extensions (UK)

(/usr/share/texlive/texmf-dist/tex/latex/latexconfig/color.cfg
File: color.cfg 2007/01/18 v1.5 color configuration of teTeX/TeXLive
)
Package xcolor Info: Driver file: pdftex.def on input line 225.
Package xcolor Info: Model `cmy' substituted by `cmy0' on input line 1337.
Package xcolor Info: Model `hsb' substituted by `rgb' on input line 1341.
Package xcolor Info: Model `RGB' extended on input line 1353.
Package xcolor Info: Model `HTML' substituted by `rgb' on input line 1355.
Package xcolor Info: Model `Hsb' substituted by `hsb' on input line 1356.
Package xcolor Info: Model `tHsb' substituted by `hsb' on input line 1357.
Package xcolor Info: Model `HSB' substituted by `hsb' on input line 1358.
Package xcolor Info: Model `Gray' substituted by `gray' on input line 1359.
Package xcolor Info: Model `wave' substituted by `hsb' on input line 1360.
)
(/usr/share/texlive/texmf-dist/tex/latex/pgf/frontendlayer/tikz.sty
(/usr/share/texlive/texmf-dist/tex/latex/pgf/basiclayer/pgf.sty
(/usr/share/texlive/texmf-dist/tex/latex/pgf/utilities/pgfrcs.sty
(/usr/share/texlive/texmf-dist/tex/generic/pgf/utilities/pgfutil-common.tex
\pgfutil@everybye=\toks19
\pgfutil@tempdima=\dimen128
\pgfutil@tempdimb=\dimen129

(/usr/share/texlive/texmf-dist/tex/generic/pgf/utilities/pgfutil-common-lists.t
ex)) (/usr/share/texlive/texmf-dist/tex/generic/pgf/utilities/pgfutil-latex.def
\pgfutil@abb=\box54
(/usr/share/texlive/texmf-dist/tex/latex/ms/everyshi.sty
Package: everyshi 2001/05/15 v3.00 EveryShipout Package (MS)
))
(/usr/share/texlive/texmf-dist/tex/generic/pgf/utilities/pgfrcs.code.tex
Package: pgfrcs 2015/08/07 v3.0.1a (rcs-revision 1.31)
))
Package: pgf 2015/08/07 v3.0.1a (rcs-revision 1.15)

(/usr/share/texlive/texmf-dist/tex/latex/pgf/basiclayer/pgfcore.sty
(/usr/share/texlive/texmf-dist/tex/latex/pgf/systemlayer/pgfsys.sty
(/usr/share/texlive/texmf-dist/tex/generic/pgf/systemlayer/pgfsys.code.tex
Package: pgfsys 2014/07/09 v3.0.1a (rcs-revision 1.48)

(/usr/share/texlive/texmf-dist/tex/generic/pgf/utilities/pgfkeys.code.tex
\pgfkeys@pathtoks=\toks20
\pgfkeys@temptoks=\toks21

(/usr/share/texlive/texmf-dist/tex/generic/pgf/utilities/pgfkeysfiltered.code.t
ex
\pgfkeys@tmptoks=\toks22
))
\pgf@x=\dimen130
\pgf@y=\dimen131
\pgf@xa=\dimen132
\pgf@ya=\dimen133
\pgf@xb=\dimen134
\pgf@yb=\dimen135
\pgf@xc=\dimen136
\pgf@yc=\dimen137
\w@pgf@writea=\write3
\r@pgf@reada=\read1
\c@pgf@counta=\count103
\c@pgf@countb=\count104
\c@pgf@countc=\count105
\c@pgf@countd=\count106
\t@pgf@toka=\toks23
\t@pgf@tokb=\toks24
\t@pgf@tokc=\toks25
 (/usr/share/texlive/texmf-dist/tex/generic/pgf/systemlayer/pgf.cfg
File: pgf.cfg 2008/05/14  (rcs-revision 1.7)
)
Driver file for pgf: pgfsys-pdftex.def

(/usr/share/texlive/texmf-dist/tex/generic/pgf/systemlayer/pgfsys-pdftex.def
File: pgfsys-pdftex.def 2014/10/11  (rcs-revision 1.35)

(/usr/share/texlive/texmf-dist/tex/generic/pgf/systemlayer/pgfsys-common-pdf.de
f
File: pgfsys-common-pdf.def 2013/10/10  (rcs-revision 1.13)
)))
(/usr/share/texlive/texmf-dist/tex/generic/pgf/systemlayer/pgfsyssoftpath.code.
tex
File: pgfsyssoftpath.code.tex 2013/09/09  (rcs-revision 1.9)
\pgfsyssoftpath@smallbuffer@items=\count107
\pgfsyssoftpath@bigbuffer@items=\count108
)
(/usr/share/texlive/texmf-dist/tex/generic/pgf/systemlayer/pgfsysprotocol.code.
tex
File: pgfsysprotocol.code.tex 2006/10/16  (rcs-revision 1.4)
))
(/usr/share/texlive/texmf-dist/tex/generic/pgf/basiclayer/pgfcore.code.tex
Package: pgfcore 2010/04/11 v3.0.1a (rcs-revision 1.7)

(/usr/share/texlive/texmf-dist/tex/generic/pgf/math/pgfmath.code.tex
(/usr/share/texlive/texmf-dist/tex/generic/pgf/math/pgfmathcalc.code.tex
(/usr/share/texlive/texmf-dist/tex/generic/pgf/math/pgfmathutil.code.tex)
(/usr/share/texlive/texmf-dist/tex/generic/pgf/math/pgfmathparser.code.tex
\pgfmath@dimen=\dimen138
\pgfmath@count=\count109
\pgfmath@box=\box55
\pgfmath@toks=\toks26
\pgfmath@stack@operand=\toks27
\pgfmath@stack@operation=\toks28
)
(/usr/share/texlive/texmf-dist/tex/generic/pgf/math/pgfmathfunctions.code.tex
(/usr/share/texlive/texmf-dist/tex/generic/pgf/math/pgfmathfunctions.basic.code
.tex)
(/usr/share/texlive/texmf-dist/tex/generic/pgf/math/pgfmathfunctions.trigonomet
ric.code.tex)
(/usr/share/texlive/texmf-dist/tex/generic/pgf/math/pgfmathfunctions.random.cod
e.tex)
(/usr/share/texlive/texmf-dist/tex/generic/pgf/math/pgfmathfunctions.comparison
.code.tex)
(/usr/share/texlive/texmf-dist/tex/generic/pgf/math/pgfmathfunctions.base.code.
tex)
(/usr/share/texlive/texmf-dist/tex/generic/pgf/math/pgfmathfunctions.round.code
.tex)
(/usr/share/texlive/texmf-dist/tex/generic/pgf/math/pgfmathfunctions.misc.code.
tex)
(/usr/share/texlive/texmf-dist/tex/generic/pgf/math/pgfmathfunctions.integerari
thmetics.code.tex)))
(/usr/share/texlive/texmf-dist/tex/generic/pgf/math/pgfmathfloat.code.tex
\c@pgfmathroundto@lastzeros=\count110
))
(/usr/share/texlive/texmf-dist/tex/generic/pgf/basiclayer/pgfcorepoints.code.te
x
File: pgfcorepoints.code.tex 2013/10/07  (rcs-revision 1.27)
\pgf@picminx=\dimen139
\pgf@picmaxx=\dimen140
\pgf@picminy=\dimen141
\pgf@picmaxy=\dimen142
\pgf@pathminx=\dimen143
\pgf@pathmaxx=\dimen144
\pgf@pathminy=\dimen145
\pgf@pathmaxy=\dimen146
\pgf@xx=\dimen147
\pgf@xy=\dimen148
\pgf@yx=\dimen149
\pgf@yy=\dimen150
\pgf@zx=\dimen151
\pgf@zy=\dimen152
)
(/usr/share/texlive/texmf-dist/tex/generic/pgf/basiclayer/pgfcorepathconstruct.
code.tex
File: pgfcorepathconstruct.code.tex 2013/10/07  (rcs-revision 1.29)
\pgf@path@lastx=\dimen153
\pgf@path@lasty=\dimen154
)
(/usr/share/texlive/texmf-dist/tex/generic/pgf/basiclayer/pgfcorepathusage.code
.tex
File: pgfcorepathusage.code.tex 2014/11/02  (rcs-revision 1.24)
\pgf@shorten@end@additional=\dimen155
\pgf@shorten@start@additional=\dimen156
)
(/usr/share/texlive/texmf-dist/tex/generic/pgf/basiclayer/pgfcorescopes.code.te
x
File: pgfcorescopes.code.tex 2015/05/08  (rcs-revision 1.46)
\pgfpic=\box56
\pgf@hbox=\box57
\pgf@layerbox@main=\box58
\pgf@picture@serial@count=\count111
)
(/usr/share/texlive/texmf-dist/tex/generic/pgf/basiclayer/pgfcoregraphicstate.c
ode.tex
File: pgfcoregraphicstate.code.tex 2014/11/02  (rcs-revision 1.12)
\pgflinewidth=\dimen157
)
(/usr/share/texlive/texmf-dist/tex/generic/pgf/basiclayer/pgfcoretransformation
s.code.tex
File: pgfcoretransformations.code.tex 2015/08/07  (rcs-revision 1.20)
\pgf@pt@x=\dimen158
\pgf@pt@y=\dimen159
\pgf@pt@temp=\dimen160
)
(/usr/share/texlive/texmf-dist/tex/generic/pgf/basiclayer/pgfcorequick.code.tex
File: pgfcorequick.code.tex 2008/10/09  (rcs-revision 1.3)
)
(/usr/share/texlive/texmf-dist/tex/generic/pgf/basiclayer/pgfcoreobjects.code.t
ex
File: pgfcoreobjects.code.tex 2006/10/11  (rcs-revision 1.2)
)
(/usr/share/texlive/texmf-dist/tex/generic/pgf/basiclayer/pgfcorepathprocessing
.code.tex
File: pgfcorepathprocessing.code.tex 2013/09/09  (rcs-revision 1.9)
)
(/usr/share/texlive/texmf-dist/tex/generic/pgf/basiclayer/pgfcorearrows.code.te
x
File: pgfcorearrows.code.tex 2015/05/14  (rcs-revision 1.43)
\pgfarrowsep=\dimen161
)
(/usr/share/texlive/texmf-dist/tex/generic/pgf/basiclayer/pgfcoreshade.code.tex
File: pgfcoreshade.code.tex 2013/07/15  (rcs-revision 1.15)
\pgf@max=\dimen162
\pgf@sys@shading@range@num=\count112
)
(/usr/share/texlive/texmf-dist/tex/generic/pgf/basiclayer/pgfcoreimage.code.tex
File: pgfcoreimage.code.tex 2013/07/15  (rcs-revision 1.18)

(/usr/share/texlive/texmf-dist/tex/generic/pgf/basiclayer/pgfcoreexternal.code.
tex
File: pgfcoreexternal.code.tex 2014/07/09  (rcs-revision 1.21)
\pgfexternal@startupbox=\box59
))
(/usr/share/texlive/texmf-dist/tex/generic/pgf/basiclayer/pgfcorelayers.code.te
x
File: pgfcorelayers.code.tex 2013/07/18  (rcs-revision 1.7)
)
(/usr/share/texlive/texmf-dist/tex/generic/pgf/basiclayer/pgfcoretransparency.c
ode.tex
File: pgfcoretransparency.code.tex 2013/09/30  (rcs-revision 1.5)
)
(/usr/share/texlive/texmf-dist/tex/generic/pgf/basiclayer/pgfcorepatterns.code.
tex
File: pgfcorepatterns.code.tex 2013/11/07  (rcs-revision 1.5)
)))
(/usr/share/texlive/texmf-dist/tex/generic/pgf/modules/pgfmoduleshapes.code.tex
File: pgfmoduleshapes.code.tex 2014/03/21  (rcs-revision 1.35)
\pgfnodeparttextbox=\box60
) (/usr/share/texlive/texmf-dist/tex/generic/pgf/modules/pgfmoduleplot.code.tex
File: pgfmoduleplot.code.tex 2015/08/03  (rcs-revision 1.13)
)
(/usr/share/texlive/texmf-dist/tex/latex/pgf/compatibility/pgfcomp-version-0-65
.sty
Package: pgfcomp-version-0-65 2007/07/03 v3.0.1a (rcs-revision 1.7)
\pgf@nodesepstart=\dimen163
\pgf@nodesepend=\dimen164
)
(/usr/share/texlive/texmf-dist/tex/latex/pgf/compatibility/pgfcomp-version-1-18
.sty
Package: pgfcomp-version-1-18 2007/07/23 v3.0.1a (rcs-revision 1.1)
)) (/usr/share/texlive/texmf-dist/tex/latex/pgf/utilities/pgffor.sty
(/usr/share/texlive/texmf-dist/tex/latex/pgf/utilities/pgfkeys.sty
(/usr/share/texlive/texmf-dist/tex/generic/pgf/utilities/pgfkeys.code.tex))
(/usr/share/texlive/texmf-dist/tex/latex/pgf/math/pgfmath.sty
(/usr/share/texlive/texmf-dist/tex/generic/pgf/math/pgfmath.code.tex))
(/usr/share/texlive/texmf-dist/tex/generic/pgf/utilities/pgffor.code.tex
Package: pgffor 2013/12/13 v3.0.1a (rcs-revision 1.25)

(/usr/share/texlive/texmf-dist/tex/generic/pgf/math/pgfmath.code.tex)
\pgffor@iter=\dimen165
\pgffor@skip=\dimen166
\pgffor@stack=\toks29
\pgffor@toks=\toks30
))
(/usr/share/texlive/texmf-dist/tex/generic/pgf/frontendlayer/tikz/tikz.code.tex
Package: tikz 2015/08/07 v3.0.1a (rcs-revision 1.151)

(/usr/share/texlive/texmf-dist/tex/generic/pgf/libraries/pgflibraryplothandlers
.code.tex
File: pgflibraryplothandlers.code.tex 2013/08/31 v3.0.1a (rcs-revision 1.20)
\pgf@plot@mark@count=\count113
\pgfplotmarksize=\dimen167
)
\tikz@lastx=\dimen168
\tikz@lasty=\dimen169
\tikz@lastxsaved=\dimen170
\tikz@lastysaved=\dimen171
\tikzleveldistance=\dimen172
\tikzsiblingdistance=\dimen173
\tikz@figbox=\box61
\tikz@figbox@bg=\box62
\tikz@tempbox=\box63
\tikz@tempbox@bg=\box64
\tikztreelevel=\count114
\tikznumberofchildren=\count115
\tikznumberofcurrentchild=\count116
\tikz@fig@count=\count117

(/usr/share/texlive/texmf-dist/tex/generic/pgf/modules/pgfmodulematrix.code.tex
File: pgfmodulematrix.code.tex 2013/09/17  (rcs-revision 1.8)
\pgfmatrixcurrentrow=\count118
\pgfmatrixcurrentcolumn=\count119
\pgf@matrix@numberofcolumns=\count120
)
\tikz@expandcount=\count121

(/usr/share/texlive/texmf-dist/tex/generic/pgf/frontendlayer/tikz/libraries/tik
zlibrarytopaths.code.tex
File: tikzlibrarytopaths.code.tex 2008/06/17 v3.0.1a (rcs-revision 1.2)
)))
(/usr/share/texlive/texmf-dist/tex/generic/pgf/frontendlayer/tikz/libraries/tik
zlibrarypositioning.code.tex
File: tikzlibrarypositioning.code.tex 2008/10/06 v3.0.1a (rcs-revision 1.7)
)
(/usr/share/texlive/texmf-dist/tex/latex/tools/calc.sty
Package: calc 2014/10/28 v4.3 Infix arithmetic (KKT,FJ)
\calc@Acount=\count122
\calc@Bcount=\count123
\calc@Adimen=\dimen174
\calc@Bdimen=\dimen175
\calc@Askip=\skip45
\calc@Bskip=\skip46
LaTeX Info: Redefining \setlength on input line 80.
LaTeX Info: Redefining \addtolength on input line 81.
\calc@Ccount=\count124
\calc@Cskip=\skip47
)
\c@@todonotes@numberoftodonotes=\count125
) (./borrador paper.aux)
\openout1 = `"borrador paper.aux"'.

LaTeX Font Info:    Checking defaults for OML/cmm/m/it on input line 14.
LaTeX Font Info:    ... okay on input line 14.
LaTeX Font Info:    Checking defaults for T1/cmr/m/n on input line 14.
LaTeX Font Info:    ... okay on input line 14.
LaTeX Font Info:    Checking defaults for OT1/cmr/m/n on input line 14.
LaTeX Font Info:    ... okay on input line 14.
LaTeX Font Info:    Checking defaults for OMS/cmsy/m/n on input line 14.
LaTeX Font Info:    ... okay on input line 14.
LaTeX Font Info:    Checking defaults for OMX/cmex/m/n on input line 14.
LaTeX Font Info:    ... okay on input line 14.
LaTeX Font Info:    Checking defaults for U/cmr/m/n on input line 14.
LaTeX Font Info:    ... okay on input line 14.
 (/usr/share/texlive/texmf-dist/tex/context/base/supp-pdf.mkii
[Loading MPS to PDF converter (version 2006.09.02).]
\scratchcounter=\count126
\scratchdimen=\dimen176
\scratchbox=\box65
\nofMPsegments=\count127
\nofMParguments=\count128
\everyMPshowfont=\toks31
\MPscratchCnt=\count129
\MPscratchDim=\dimen177
\MPnumerator=\count130
\makeMPintoPDFobject=\count131
\everyMPtoPDFconversion=\toks32
) (/usr/share/texlive/texmf-dist/tex/generic/oberdiek/pdftexcmds.sty
Package: pdftexcmds 2011/11/29 v0.20 Utility functions of pdfTeX for LuaTeX (HO
)

(/usr/share/texlive/texmf-dist/tex/generic/oberdiek/ifluatex.sty
Package: ifluatex 2010/03/01 v1.3 Provides the ifluatex switch (HO)
Package ifluatex Info: LuaTeX not detected.
)
Package pdftexcmds Info: LuaTeX not detected.
Package pdftexcmds Info: \pdf@primitive is available.
Package pdftexcmds Info: \pdf@ifprimitive is available.
Package pdftexcmds Info: \pdfdraftmode found.
)
(/usr/share/texlive/texmf-dist/tex/latex/oberdiek/epstopdf-base.sty
Package: epstopdf-base 2010/02/09 v2.5 Base part for package epstopdf

(/usr/share/texlive/texmf-dist/tex/latex/oberdiek/grfext.sty
Package: grfext 2010/08/19 v1.1 Manage graphics extensions (HO)

(/usr/share/texlive/texmf-dist/tex/generic/oberdiek/kvdefinekeys.sty
Package: kvdefinekeys 2011/04/07 v1.3 Define keys (HO)
))
(/usr/share/texlive/texmf-dist/tex/latex/oberdiek/kvoptions.sty
Package: kvoptions 2011/06/30 v3.11 Key value format for package options (HO)

(/usr/share/texlive/texmf-dist/tex/generic/oberdiek/kvsetkeys.sty
Package: kvsetkeys 2012/04/25 v1.16 Key value parser (HO)

(/usr/share/texlive/texmf-dist/tex/generic/oberdiek/etexcmds.sty
Package: etexcmds 2011/02/16 v1.5 Avoid name clashes with e-TeX commands (HO)
Package etexcmds Info: Could not find \expanded.
(etexcmds)             That can mean that you are not using pdfTeX 1.50 or
(etexcmds)             that some package has redefined \expanded.
(etexcmds)             In the latter case, load this package earlier.
)))
Package grfext Info: Graphics extension search list:
(grfext)             [.png,.pdf,.jpg,.mps,.jpeg,.jbig2,.jb2,.PNG,.PDF,.JPG,.JPE
G,.JBIG2,.JB2,.eps]
(grfext)             \AppendGraphicsExtensions on input line 452.

(/usr/share/texlive/texmf-dist/tex/latex/latexconfig/epstopdf-sys.cfg
File: epstopdf-sys.cfg 2010/07/13 v1.3 Configuration of (r)epstopdf for TeX Liv
e
))
*geometry* driver: auto-detecting
*geometry* detected driver: pdftex
*geometry* verbose mode - [ preamble ] result:
* driver: pdftex
* paper: a4paper
* layout: <same size as paper>
* layoutoffset:(h,v)=(0.0pt,0.0pt)
* modes: 
* h-part:(L,W,R)=(72.26999pt, 452.9679pt, 72.26999pt)
* v-part:(T,H,B)=(72.26999pt, 700.50687pt, 72.26999pt)
* \paperwidth=597.50787pt
* \paperheight=845.04684pt
* \textwidth=452.9679pt
* \textheight=700.50687pt
* \oddsidemargin=0.0pt
* \evensidemargin=0.0pt
* \topmargin=-37.0pt
* \headheight=12.0pt
* \headsep=25.0pt
* \topskip=12.0pt
* \footskip=30.0pt
* \marginparwidth=35.0pt
* \marginparsep=10.0pt
* \columnsep=10.0pt
* \skip\footins=10.8pt plus 4.0pt minus 2.0pt
* \hoffset=0.0pt
* \voffset=0.0pt
* \mag=1000
* \@twocolumnfalse
* \@twosidefalse
* \@mparswitchfalse
* \@reversemarginfalse
* (1in=72.27pt=25.4mm, 1cm=28.453pt)

(/usr/share/texlive/texmf-dist/tex/latex/ms/ragged2e.sty
Package: ragged2e 2009/05/21 v2.1 ragged2e Package (MS)

(/usr/share/texlive/texmf-dist/tex/latex/ms/everysel.sty
Package: everysel 2011/10/28 v1.2 EverySelectfont Package (MS)

ABD: EverySelectfont initializing macros
LaTeX Info: Redefining \selectfont on input line 126.
)
\CenteringLeftskip=\skip48
\RaggedLeftLeftskip=\skip49
\RaggedRightLeftskip=\skip50
\CenteringRightskip=\skip51
\RaggedLeftRightskip=\skip52
\RaggedRightRightskip=\skip53
\CenteringParfillskip=\skip54
\RaggedLeftParfillskip=\skip55
\RaggedRightParfillskip=\skip56
\JustifyingParfillskip=\skip57
\CenteringParindent=\skip58
\RaggedLeftParindent=\skip59
\RaggedRightParindent=\skip60
\JustifyingParindent=\skip61
)
ABD: EveryShipout initializing macros
LaTeX Font Info:    External font `cmex10' loaded for size
(Font)              <14.4> on input line 15.
LaTeX Font Info:    External font `cmex10' loaded for size
(Font)              <7> on input line 15.

Overfull \hbox (10.79404pt too wide) in paragraph at lines 25--25
\OT1/cmr/m/n/6 TFEA.ChP 
 []


Overfull \hbox (10.79404pt too wide) in paragraph at lines 25--25
\OT1/cmr/m/n/6 TFEA.ChP 
 []


Overfull \hbox (10.79404pt too wide) in paragraph at lines 25--25
\OT1/cmr/m/n/6 TFEA.ChP 
 []


Overfull \hbox (10.79404pt too wide) in paragraph at lines 25--25
\OT1/cmr/m/n/6 TFEA.ChP 
 []

[1

{/var/lib/texmf/fonts/map/pdftex/updmap/pdftex.map}]

LaTeX Warning: Marginpar on page 2 moved.

LaTeX Font Info:    Try loading font information for OMS+cmr on input line 31.
(/usr/share/texlive/texmf-dist/tex/latex/base/omscmr.fd
File: omscmr.fd 2014/09/29 v2.5h Standard LaTeX font definitions
)
LaTeX Font Info:    Font shape `OMS/cmr/m/n' in size <12> not available
(Font)              Font shape `OMS/cmsy/m/n' tried instead on input line 31.
Missing character: There is no ‚ in font cmr12!
Missing character: There is no Ä in font cmr12!
Missing character: There is no ô in font cmr12!


LaTeX Warning: Marginpar on page 2 moved.

<superclases.png, id=15, 386.19281pt x 557.83406pt>
File: superclases.png Graphic file (type png)
 <use superclases.png>
Package pdftex.def Info: superclases.png used on input line 43.
(pdftex.def)             Requested size: 226.48395pt x 327.14449pt.
Missing character: There is no ‚ in font cmr12!
Missing character: There is no Ä in font cmr12!
Missing character: There is no ô in font cmr12!

Underfull \hbox (badness 2221) in paragraph at lines 47--50
\OT1/cmr/m/n/12 which guar-an-tees a stan-dard pro-
 []


Underfull \hbox (badness 1400) in paragraph at lines 47--50
\OT1/cmr/m/n/12 in-for-ma-tion from ChIP-Seq ex-per-i-
 []


Underfull \hbox (badness 1783) in paragraph at lines 47--50
\OT1/cmr/m/n/12 tions of the amount of tran-scrip-
 []


Underfull \hbox (badness 1796) in paragraph at lines 47--50
\OT1/cmr/m/n/12 range from 1,391[[]] -manually cu-
 []

[2 <./superclases.png>]
Missing character: There is no ‚ in font cmr12!
Missing character: There is no Ä in font cmr12!
Missing character: There is no ô in font cmr12!
Missing character: There is no ‚ in font cmr12!
Missing character: There is no Ä in font cmr12!
Missing character: There is no ì in font cmr12!
Missing character: There is no ‚ in font cmr12!
Missing character: There is no Ä in font cmr12!
Missing character: There is no ì in font cmr12!
 <graf-dhs.png, id=22, 959.585pt x 340.27126pt>
File: graf-dhs.png Graphic file (type png)

<use graf-dhs.png>
Package pdftex.def Info: graf-dhs.png used on input line 61.
(pdftex.def)             Requested size: 362.37569pt x 128.49963pt.
Missing character: There is no ‚ in font cmr12!
Missing character: There is no Ä in font cmr12!
Missing character: There is no ô in font cmr12!
Missing character: There is no ‚ in font cmr12!
Missing character: There is no Ä in font cmr12!
Missing character: There is no ô in font cmr12!
Missing character: There is no ‚ in font cmr12!
Missing character: There is no Ä in font cmr12!
Missing character: There is no ô in font cmr12!
Missing character: There is no ‚ in font cmr12!
Missing character: There is no Ä in font cmr12!
Missing character: There is no ú in font cmr12!
Missing character: There is no ‚ in font cmr12!
Missing character: There is no Ä in font cmr12!
Missing character: There is no ù in font cmr12!
Missing character: There is no ‚ in font cmr12!
Missing character: There is no Ä in font cmr12!
Missing character: There is no ú in font cmr12!
Missing character: There is no ‚ in font cmr12!
Missing character: There is no Ä in font cmr12!
Missing character: There is no ù in font cmr12!
Missing character: There is no ‚ in font cmr12!
Missing character: There is no Ä in font cmr12!
Missing character: There is no ô in font cmr12!
Missing character: There is no ‚ in font cmr12!
Missing character: There is no Ä in font cmr12!
Missing character: There is no ô in font cmr12!
Missing character: There is no ‚ in font cmr12!
Missing character: There is no Ä in font cmr12!
Missing character: There is no ô in font cmr12!
Missing character: There is no ‚ in font cmr12!
Missing character: There is no Ä in font cmr12!
Missing character: There is no ú in font cmr12!
Missing character: There is no ‚ in font cmr12!
Missing character: There is no Ä in font cmr12!
Missing character: There is no ù in font cmr12!
Missing character: There is no ‚ in font cmr12!
Missing character: There is no Ä in font cmr12!
Missing character: There is no ú in font cmr12!
Missing character: There is no ‚ in font cmr12!
Missing character: There is no Ä in font cmr12!
Missing character: There is no ù in font cmr12!
 <graf-TFBS_building.png, id=23, 710.655pt x 722.7pt>
File: graf-TFBS_building.png Graphic file (type png)

<use graf-TFBS_building.png>
Package pdftex.def Info: graf-TFBS_building.png used on input line 68.
(pdftex.def)             Requested size: 203.83417pt x 207.2839pt.
Missing character: There is no ‚ in font cmr12!
Missing character: There is no Ä in font cmr12!
Missing character: There is no ì in font cmr12!
Missing character: There is no ‚ in font cmr12!
Missing character: There is no Ä in font cmr12!
Missing character: There is no ú in font cmr12!
Missing character: There is no ‚ in font cmr12!
Missing character: There is no Ä in font cmr12!
Missing character: There is no ù in font cmr12!
Missing character: There is no ‚ in font cmr12!
Missing character: There is no Ä in font cmr12!
Missing character: There is no ì in font cmr12!
Missing character: There is no ‚ in font cmr12!
Missing character: There is no Ä in font cmr12!
Missing character: There is no ú in font cmr12!
Missing character: There is no ‚ in font cmr12!
Missing character: There is no Ä in font cmr12!
Missing character: There is no ù in font cmr12!
Missing character: There is no ‚ in font cmr12!
Missing character: There is no Ä in font cmr12!
Missing character: There is no ú in font cmr12!
Missing character: There is no ‚ in font cmr12!
Missing character: There is no Ä in font cmr12!
Missing character: There is no ù in font cmr12!
Missing character: There is no ‚ in font cmr12!
Missing character: There is no Ä in font cmr12!
Missing character: There is no ú in font cmr12!
Missing character: There is no ‚ in font cmr12!
Missing character: There is no Ä in font cmr12!
Missing character: There is no ù in font cmr12!
Missing character: There is no ‚ in font cmr12!
Missing character: There is no Ä in font cmr12!
Missing character: There is no ì in font cmr12!
Missing character: There is no ‚ in font cmr12!
Missing character: There is no Ä in font cmr12!
Missing character: There is no ú in font cmr12!
Missing character: There is no ‚ in font cmr12!
Missing character: There is no Ä in font cmr12!
Missing character: There is no ù in font cmr12!
Missing character: There is no ‚ in font cmr12!
Missing character: There is no Ä in font cmr12!
Missing character: There is no ì in font cmr12!
Missing character: There is no ‚ in font cmr12!
Missing character: There is no Ä in font cmr12!
Missing character: There is no ú in font cmr12!
Missing character: There is no ‚ in font cmr12!
Missing character: There is no Ä in font cmr12!
Missing character: There is no ù in font cmr12!
Missing character: There is no ‚ in font cmr12!
Missing character: There is no Ä in font cmr12!
Missing character: There is no ú in font cmr12!
Missing character: There is no ‚ in font cmr12!
Missing character: There is no Ä in font cmr12!
Missing character: There is no ù in font cmr12!
Missing character: There is no ‚ in font cmr12!
Missing character: There is no Ä in font cmr12!
Missing character: There is no ú in font cmr12!
Missing character: There is no ‚ in font cmr12!
Missing character: There is no Ä in font cmr12!
Missing character: There is no ù in font cmr12!


LaTeX Warning: `h' float specifier changed to `ht'.

[3 <./graf-dhs.png (PNG copy)>]
<graf-tfea1.png, id=27, 487.8225pt x 374.90062pt>
File: graf-tfea1.png Graphic file (type png)
 <use graf-tfea1.png>
Package pdftex.def Info: graf-tfea1.png used on input line 85.
(pdftex.def)             Requested size: 226.48395pt x 174.05812pt.
LaTeX Font Info:    External font `cmex10' loaded for size
(Font)              <12> on input line 87.
LaTeX Font Info:    External font `cmex10' loaded for size
(Font)              <8> on input line 87.
LaTeX Font Info:    External font `cmex10' loaded for size
(Font)              <6> on input line 87.
 [4 <./graf-TFBS_building.png (PNG copy)> <./graf-tfea1.png (PNG copy)>]
<graf-tfea2.png, id=32, 1186.4325pt x 928.46875pt>
File: graf-tfea2.png Graphic file (type png)
 <use graf-tfea2.png>
Package pdftex.def Info: graf-tfea2.png used on input line 95.
(pdftex.def)             Requested size: 452.9679pt x 354.47937pt.

<graf-tfea3.png, id=33, 571.38469pt x 412.54124pt>
File: graf-tfea3.png Graphic file (type png)
 <use graf-tfea3.png>
Package pdftex.def Info: graf-tfea3.png used on input line 101.
(pdftex.def)             Requested size: 249.13371pt x 179.87575pt.
Missing character: There is no Œ in font cmr12!
Missing character: There is no ± in font cmr12!
Missing character: There is no Œ in font cmr12!
Missing character: There is no ≥ in font cmr12!
Missing character: There is no Œ in font cmr12!
Missing character: There is no ± in font cmr12!
Missing character: There is no Œ in font cmr12!
Missing character: There is no ≥ in font cmr12!
Missing character: There is no Œ in font cmr12!
Missing character: There is no ± in font cmr12!
Missing character: There is no Œ in font cmr12!
Missing character: There is no ≥ in font cmr12!
Missing character: There is no Œ in font cmr12!
Missing character: There is no ± in font cmr12!
Missing character: There is no Œ in font cmr12!
Missing character: There is no ≥ in font cmr12!


LaTeX Warning: `!h' float specifier changed to `!ht'.

[5 <./graf-tfea2.png>]
Missing character: There is no Œ in font cmr12!
Missing character: There is no ± in font cmr12!
Missing character: There is no ‚ in font cmr12!
Missing character: There is no Ä in font cmr12!
Missing character: There is no ô in font cmr12!
Missing character: There is no ‚ in font cmr12!
Missing character: There is no Ä in font cmr12!
Missing character: There is no ô in font cmr12!
Missing character: There is no ‚ in font cmr12!
Missing character: There is no Ä in font cmr12!
Missing character: There is no ô in font cmr12!
Missing character: There is no ‚ in font cmr12!
Missing character: There is no Ä in font cmr12!
Missing character: There is no ô in font cmr12!
Missing character: There is no ‚ in font cmr12!
Missing character: There is no Ä in font cmr12!
Missing character: There is no ô in font cmr12!
Missing character: There is no ‚ in font cmr12!
Missing character: There is no Ä in font cmr12!
Missing character: There is no ô in font cmr12!
Missing character: There is no ‚ in font cmr12!
Missing character: There is no Ä in font cmr12!
Missing character: There is no ô in font cmr12!
 <graf-op1.png, id=39, 607.26875pt x 431.6125pt>
File: graf-op1.png Graphic file (type png)

<use graf-op1.png>
Package pdftex.def Info: graf-op1.png used on input line 132.
(pdftex.def)             Requested size: 249.13371pt x 177.06764pt.
Missing character: There is no ‚ in font cmr12!
Missing character: There is no Ä in font cmr12!
Missing character: There is no ô in font cmr12!
Missing character: There is no ‚ in font cmr12!
Missing character: There is no Ä in font cmr12!
Missing character: There is no ô in font cmr12!

Underfull \hbox (badness 6204) in paragraph at lines 134--134
[][]\OT1/cmr/m/n/12 : |For down-regulated
 []


Underfull \hbox (badness 1552) in paragraph at lines 134--134
\OT1/cmr/m/n/12 genes, af-ter ad-just-ing p-values,
 []


Underfull \hbox (badness 10000) in paragraph at lines 134--134
\OT1/cmr/m/n/12 sig-nif-i-cantly en-riched, while
 []


Underfull \hbox (badness 5802) in paragraph at lines 134--134
\OT1/cmr/m/n/12 TFEA.ChIP de-tects sig-nif-i-cant
 []


LaTeX Warning: `h' float specifier changed to `ht'.

Missing character: There is no Œ in font cmr12!
Missing character: There is no ∫ in font cmr12!
Missing character: There is no ‚ in font cmr12!
Missing character: There is no Ä in font cmr12!
Missing character: There is no ì in font cmr12!
Missing character: There is no ‚ in font cmr12!
Missing character: There is no Ä in font cmr12!
Missing character: There is no ì in font cmr12!
Missing character: There is no ‚ in font cmr12!
Missing character: There is no Ä in font cmr12!
Missing character: There is no ô in font cmr12!
Missing character: There is no ‚ in font cmr12!
Missing character: There is no Ä in font cmr12!
Missing character: There is no ô in font cmr12!
Missing character: There is no ‚ in font cmr12!
Missing character: There is no Ä in font cmr12!
Missing character: There is no ô in font cmr12!
Missing character: There is no ‚ in font cmr12!
Missing character: There is no Ä in font cmr12!
Missing character: There is no ì in font cmr12!
Missing character: There is no ‚ in font cmr12!
Missing character: There is no Ä in font cmr12!
Missing character: There is no ì in font cmr12!
Missing character: There is no ‚ in font cmr12!
Missing character: There is no Ä in font cmr12!
Missing character: There is no ô in font cmr12!
[6 <./graf-tfea3.png>] <graf-op2.png, id=43, 1044.90375pt x 437.635pt>
File: graf-op2.png Graphic file (type png)

<use graf-op2.png>
Package pdftex.def Info: graf-op2.png used on input line 146.
(pdftex.def)             Requested size: 452.9679pt x 189.71526pt.
Missing character: There is no Œ in font cmbx12!
Missing character: There is no ± in font cmbx12!
Missing character: There is no ‚ in font cmr12!
Missing character: There is no Ä in font cmr12!
Missing character: There is no ì in font cmr12!
Missing character: There is no ‚ in font cmr12!
Missing character: There is no Ä in font cmr12!
Missing character: There is no ì in font cmr12!

Underfull \hbox (badness 10000) in paragraph at lines 151--155

 []


Underfull \hbox (badness 10000) in paragraph at lines 151--155

 []


Underfull \hbox (badness 10000) in paragraph at lines 151--155

 []

[7 <./graf-op1.png (PNG copy)> <./graf-op2.png (PNG copy)>]
<graf-op3.png, id=48, 847.165pt x 553.06625pt>
File: graf-op3.png Graphic file (type png)
 <use graf-op3.png>
Package pdftex.def Info: graf-op3.png used on input line 158.
(pdftex.def)             Requested size: 294.42636pt x 192.20895pt.
Missing character: There is no Œ in font cmr12!
Missing character: There is no ± in font cmr12!
Missing character: There is no Œ in font cmr12!
Missing character: There is no ± in font cmr12!
Missing character: There is no Œ in font cmr12!
Missing character: There is no ≥ in font cmr12!
Missing character: There is no Œ in font cmr12!
Missing character: There is no ± in font cmr12!
Missing character: There is no Œ in font cmr12!
Missing character: There is no ± in font cmr12!
Missing character: There is no Œ in font cmr12!
Missing character: There is no ≥ in font cmr12!

Underfull \hbox (badness 1655) in paragraph at lines 161--161
\OT1/cmr/m/n/12 per-i-ments and the STAT2
 []


Underfull \hbox (badness 1365) in paragraph at lines 161--161
\OT1/cmr/m/n/12 ones were done af-ter IFN
 []


Underfull \hbox (badness 1400) in paragraph at lines 161--161
\OT1/cmr/m/n/12 ad-di-tion while the rest of
 []

Missing character: There is no ‚ in font cmr12!
Missing character: There is no Ä in font cmr12!
Missing character: There is no ô in font cmr12!
Missing character: There is no ‚ in font cmr12!
Missing character: There is no Ä in font cmr12!
Missing character: There is no ô in font cmr12!
[8 <./graf-op3.png (PNG copy)>] (./borrador paper.bbl [9]
Missing character: There is no ‚ in font cmr12!
Missing character: There is no Ä in font cmr12!
Missing character: There is no ì in font cmr12!

Underfull \hbox (badness 10000) in paragraph at lines 116--119
[]\OT1/cmr/m/n/12 Marc Carl-son and Bio-con-duc-tor Pack-age Main-tainer.
 []

Missing character: There is no √ in font cmr12!
Missing character: There is no º in font cmr12!
Missing character: There is no √ in font cmr12!
Missing character: There is no ® in font cmr12!
) (./borrador paper.tdo [10])
\tf@tdo=\write4
\openout4 = `"borrador paper.tdo"'.

 [11] (./borrador paper.aux) ) 
Here is how much of TeX's memory you used:
 12936 strings out of 494953
 258699 string characters out of 6180977
 312304 words of memory out of 5000000
 15953 multiletter control sequences out of 15000+600000
 9456 words of font info for 33 fonts, out of 8000000 for 9000
 14 hyphenation exceptions out of 8191
 62i,9n,80p,2381b,916s stack positions out of 5000i,500n,10000p,200000b,80000s
</usr/share/texlive/texmf-dist/fonts/type1/public
/amsfonts/cm/cmbx10.pfb></usr/share/texlive/texmf-dist/fonts/type1/public/amsfo
nts/cm/cmbx12.pfb></usr/share/texlive/texmf-dist/fonts/type1/public/amsfonts/cm
/cmmi12.pfb></usr/share/texlive/texmf-dist/fonts/type1/public/amsfonts/cm/cmr10
.pfb></usr/share/texlive/texmf-dist/fonts/type1/public/amsfonts/cm/cmr12.pfb></
usr/share/texlive/texmf-dist/fonts/type1/public/amsfonts/cm/cmr17.pfb></usr/sha
re/texlive/texmf-dist/fonts/type1/public/amsfonts/cm/cmr6.pfb></usr/share/texli
ve/texmf-dist/fonts/type1/public/amsfonts/cm/cmsy10.pfb></usr/share/texlive/tex
mf-dist/fonts/type1/public/amsfonts/cm/cmti12.pfb>
Output written on "borrador paper.pdf" (11 pages, 1622229 bytes).
PDF statistics:
 91 PDF objects out of 1000 (max. 8388607)
 57 compressed objects within 1 object stream
 0 named destinations out of 1000 (max. 500000)
 58 words of extra memory for PDF output out of 10000 (max. 10000000)

